=======================================
Running theta=0.5 delta=0.1
=======================================
Activated ER rule learning environment
Popper runtime: 0 sec
Rule file generated:
./results/rules/pokemon-0.6-s1-v1-t0.5-d0.1.lp
Activated ERA environment
/home/zhiliangxiang/Academic/project/lace-asp/ERA/src/experiment/trc-rule/pokemon/0.6/s1/v1
ERA finished.
Evaluation line:

Scores appended.
=======================================
Running theta=0.5 delta=0.1
=======================================
Activated ER rule learning environment
Popper runtime: 0 sec
Rule file generated:
./results/rules/pokemon-0.6-s1-v2-t0.5-d0.1.lp
Activated ERA environment
/home/zhiliangxiang/Academic/project/lace-asp/ERA/src/experiment/trc-rule/pokemon/0.6/s1/v2
ERA finished.
Evaluation line:

Scores appended.
=======================================
Running theta=0.5 delta=0.1
=======================================
Activated ER rule learning environment
Popper runtime: 0 sec
Rule file generated:
./results/rules/pokemon-0.6-s1-v3-t0.5-d0.1.lp
Activated ERA environment
/home/zhiliangxiang/Academic/project/lace-asp/ERA/src/experiment/trc-rule/pokemon/0.6/s1/v3
ERA finished.
Evaluation line:

Scores appended.
=======================================
Running theta=0.5 delta=0.1
=======================================
Activated ER rule learning environment
Popper runtime: 0 sec
Rule file generated:
./results/rules/pokemon-0.6-s2-v1-t0.5-d0.1.lp
Activated ERA environment
/home/zhiliangxiang/Academic/project/lace-asp/ERA/src/experiment/trc-rule/pokemon/0.6/s2/v1
ERA finished.
Evaluation line:

Scores appended.
=======================================
Running theta=0.5 delta=0.1
=======================================
Activated ER rule learning environment
Popper runtime: 0 sec
Rule file generated:
./results/rules/pokemon-0.6-s2-v2-t0.5-d0.1.lp
Activated ERA environment
/home/zhiliangxiang/Academic/project/lace-asp/ERA/src/experiment/trc-rule/pokemon/0.6/s2/v2
ERA finished.
Evaluation line:

Scores appended.
=======================================
Running theta=0.5 delta=0.1
=======================================
Activated ER rule learning environment
Popper runtime: 0 sec
Rule file generated:
./results/rules/pokemon-0.6-s2-v3-t0.5-d0.1.lp
Activated ERA environment
/home/zhiliangxiang/Academic/project/lace-asp/ERA/src/experiment/trc-rule/pokemon/0.6/s2/v3
ERA finished.
Evaluation line:

Scores appended.
=======================================
Running theta=0.5 delta=0.1
=======================================
Activated ER rule learning environment
Popper runtime: 1 sec
Rule file generated:
./results/rules/pokemon-0.6-s3-v1-t0.5-d0.1.lp
Activated ERA environment
/home/zhiliangxiang/Academic/project/lace-asp/ERA/src/experiment/trc-rule/pokemon/0.6/s3/v1
ERA finished.
Evaluation line:

Scores appended.
=======================================
Running theta=0.5 delta=0.1
=======================================
Activated ER rule learning environment
Popper runtime: 1 sec
Rule file generated:
./results/rules/pokemon-0.6-s3-v2-t0.5-d0.1.lp
Activated ERA environment
/home/zhiliangxiang/Academic/project/lace-asp/ERA/src/experiment/trc-rule/pokemon/0.6/s3/v2
ERA finished.
Evaluation line:

Scores appended.
=======================================
Running theta=0.5 delta=0.1
=======================================
Activated ER rule learning environment
Popper runtime: 1 sec
Rule file generated:
./results/rules/pokemon-0.6-s3-v3-t0.5-d0.1.lp
Activated ERA environment
/home/zhiliangxiang/Academic/project/lace-asp/ERA/src/experiment/trc-rule/pokemon/0.6/s3/v3
ERA finished.
Evaluation line:

Scores appended.
=======================================
Running theta=0.5 delta=0.1
=======================================
Activated ER rule learning environment
Popper runtime: 0 sec
Rule file generated:
./results/rules/pokemon-0.6-s4-v1-t0.5-d0.1.lp
Activated ERA environment
/home/zhiliangxiang/Academic/project/lace-asp/ERA/src/experiment/trc-rule/pokemon/0.6/s4/v1
ERA finished.
Evaluation line:

Scores appended.
=======================================
Running theta=0.5 delta=0.1
=======================================
Activated ER rule learning environment
Popper runtime: 0 sec
Rule file generated:
./results/rules/pokemon-0.6-s4-v2-t0.5-d0.1.lp
Activated ERA environment
/home/zhiliangxiang/Academic/project/lace-asp/ERA/src/experiment/trc-rule/pokemon/0.6/s4/v2
ERA finished.
Evaluation line:

Scores appended.
=======================================
Running theta=0.5 delta=0.1
=======================================
Activated ER rule learning environment
Popper runtime: 0 sec
Rule file generated:
./results/rules/pokemon-0.6-s4-v3-t0.5-d0.1.lp
Activated ERA environment
/home/zhiliangxiang/Academic/project/lace-asp/ERA/src/experiment/trc-rule/pokemon/0.6/s4/v3
ERA finished.
Evaluation line:

Scores appended.
=======================================
Running theta=0.5 delta=0.1
=======================================
Activated ER rule learning environment
Popper runtime: 0 sec
Rule file generated:
./results/rules/pokemon-0.6-s5-v1-t0.5-d0.1.lp
Activated ERA environment
/home/zhiliangxiang/Academic/project/lace-asp/ERA/src/experiment/trc-rule/pokemon/0.6/s5/v1
ERA finished.
Evaluation line:

Scores appended.
=======================================
Running theta=0.5 delta=0.1
=======================================
Activated ER rule learning environment
Popper runtime: 0 sec
Rule file generated:
./results/rules/pokemon-0.6-s5-v2-t0.5-d0.1.lp
Activated ERA environment
/home/zhiliangxiang/Academic/project/lace-asp/ERA/src/experiment/trc-rule/pokemon/0.6/s5/v2
ERA finished.
Evaluation line:

Scores appended.
=======================================
Running theta=0.5 delta=0.1
=======================================
Activated ER rule learning environment
Popper runtime: 0 sec
Rule file generated:
./results/rules/pokemon-0.6-s5-v3-t0.5-d0.1.lp
Activated ERA environment
/home/zhiliangxiang/Academic/project/lace-asp/ERA/src/experiment/trc-rule/pokemon/0.6/s5/v3
ERA finished.
Evaluation line:

Scores appended.
=======================================
All jobs completed.
=======================================
