=======================================
Running theta=0.5 delta=1
=======================================
Activated ER rule learning environment
Popper runtime: 48 sec
Rule file generated:
./results/rules/dblp-scholar-80-s4-t0.5-d1.lp
Activated ERA environment
/home/zhiliangxiang/Academic/project/lace-asp/ERA/src/experiment/trc-rule/dblp-scholar/80/s4
ERA finished.
era_val_log Evaluation line:
* INFO [eval] ============== Results [dblp-scholar-80-s4-t0.5-d1] | Precision = 0.8554216867469879 | Recall = 0.7634408602150538 | F1 = 0.8068181818181818 ==============
Evaluation line:
* INFO [eval] ============== Results [dblp-scholar-80-s4-t0.5-d1] | Precision = 0.9113924050632911 | Recall = 0.8112676056338028 | F1 = 0.8584202682563339 ==============
Scores appended.
=======================================
Running theta=0.5 delta=0.8
=======================================
Activated ER rule learning environment
Popper runtime: 48 sec
Rule file generated:
./results/rules/dblp-scholar-80-s4-t0.5-d0.8.lp
Activated ERA environment
/home/zhiliangxiang/Academic/project/lace-asp/ERA/src/experiment/trc-rule/dblp-scholar/80/s4
ERA finished.
era_val_log Evaluation line:
* INFO [eval] ============== Results [dblp-scholar-80-s4-t0.5-d0.8] | Precision = 0.8554216867469879 | Recall = 0.7634408602150538 | F1 = 0.8068181818181818 ==============
Evaluation line:
* INFO [eval] ============== Results [dblp-scholar-80-s4-t0.5-d0.8] | Precision = 0.9113924050632911 | Recall = 0.8112676056338028 | F1 = 0.8584202682563339 ==============
Scores appended.
=======================================
Running theta=0.5 delta=0.5
=======================================
Activated ER rule learning environment
Popper runtime: 48 sec
Rule file generated:
./results/rules/dblp-scholar-80-s4-t0.5-d0.5.lp
Activated ERA environment
/home/zhiliangxiang/Academic/project/lace-asp/ERA/src/experiment/trc-rule/dblp-scholar/80/s4
ERA finished.
era_val_log Evaluation line:
* INFO [eval] ============== Results [dblp-scholar-80-s4-t0.5-d0.5] | Precision = 0.8554216867469879 | Recall = 0.7634408602150538 | F1 = 0.8068181818181818 ==============
Evaluation line:
* INFO [eval] ============== Results [dblp-scholar-80-s4-t0.5-d0.5] | Precision = 0.9113924050632911 | Recall = 0.8112676056338028 | F1 = 0.8584202682563339 ==============
Scores appended.
=======================================
Running theta=0.5 delta=0.25
=======================================
Activated ER rule learning environment
Popper runtime: 50 sec
Rule file generated:
./results/rules/dblp-scholar-80-s4-t0.5-d0.25.lp
Activated ERA environment
/home/zhiliangxiang/Academic/project/lace-asp/ERA/src/experiment/trc-rule/dblp-scholar/80/s4
ERA finished.
era_val_log Evaluation line:
* INFO [eval] ============== Results [dblp-scholar-80-s4-t0.5-d0.25] | Precision = 0.8554216867469879 | Recall = 0.7634408602150538 | F1 = 0.8068181818181818 ==============
Evaluation line:
* INFO [eval] ============== Results [dblp-scholar-80-s4-t0.5-d0.25] | Precision = 0.9113924050632911 | Recall = 0.8112676056338028 | F1 = 0.8584202682563339 ==============
Scores appended.
=======================================
Running theta=0.5 delta=0.1
=======================================
Activated ER rule learning environment
Popper runtime: 52 sec
Rule file generated:
./results/rules/dblp-scholar-80-s4-t0.5-d0.1.lp
Activated ERA environment
/home/zhiliangxiang/Academic/project/lace-asp/ERA/src/experiment/trc-rule/dblp-scholar/80/s4
ERA finished.
era_val_log Evaluation line:
* INFO [eval] ============== Results [dblp-scholar-80-s4-t0.5-d0.1] | Precision = 0.8554216867469879 | Recall = 0.7634408602150538 | F1 = 0.8068181818181818 ==============
Evaluation line:
* INFO [eval] ============== Results [dblp-scholar-80-s4-t0.5-d0.1] | Precision = 0.9113924050632911 | Recall = 0.8112676056338028 | F1 = 0.8584202682563339 ==============
Scores appended.
=======================================
Running theta=0.5 delta=0.08
=======================================
Activated ER rule learning environment
Popper runtime: 48 sec
Rule file generated:
./results/rules/dblp-scholar-80-s4-t0.5-d0.08.lp
Activated ERA environment
/home/zhiliangxiang/Academic/project/lace-asp/ERA/src/experiment/trc-rule/dblp-scholar/80/s4
ERA finished.
era_val_log Evaluation line:
* INFO [eval] ============== Results [dblp-scholar-80-s4-t0.5-d0.08] | Precision = 0.8554216867469879 | Recall = 0.7634408602150538 | F1 = 0.8068181818181818 ==============
Evaluation line:
* INFO [eval] ============== Results [dblp-scholar-80-s4-t0.5-d0.08] | Precision = 0.9113924050632911 | Recall = 0.8112676056338028 | F1 = 0.8584202682563339 ==============
Scores appended.
=======================================
Running theta=0.5 delta=0.05
=======================================
Activated ER rule learning environment
Popper runtime: 51 sec
Rule file generated:
./results/rules/dblp-scholar-80-s4-t0.5-d0.05.lp
Activated ERA environment
/home/zhiliangxiang/Academic/project/lace-asp/ERA/src/experiment/trc-rule/dblp-scholar/80/s4
ERA finished.
era_val_log Evaluation line:
* INFO [eval] ============== Results [dblp-scholar-80-s4-t0.5-d0.05] | Precision = 0.8554216867469879 | Recall = 0.7634408602150538 | F1 = 0.8068181818181818 ==============
Evaluation line:
* INFO [eval] ============== Results [dblp-scholar-80-s4-t0.5-d0.05] | Precision = 0.9113924050632911 | Recall = 0.8112676056338028 | F1 = 0.8584202682563339 ==============
Scores appended.
=======================================
Running theta=0.5 delta=0.025
=======================================
Activated ER rule learning environment
Popper runtime: 51 sec
Rule file generated:
./results/rules/dblp-scholar-80-s4-t0.5-d0.025.lp
Activated ERA environment
/home/zhiliangxiang/Academic/project/lace-asp/ERA/src/experiment/trc-rule/dblp-scholar/80/s4
ERA finished.
era_val_log Evaluation line:
* INFO [eval] ============== Results [dblp-scholar-80-s4-t0.5-d0.025] | Precision = 0.8987341772151899 | Recall = 0.7634408602150538 | F1 = 0.8255813953488371 ==============
Evaluation line:
* INFO [eval] ============== Results [dblp-scholar-80-s4-t0.5-d0.025] | Precision = 0.9230769230769231 | Recall = 0.8112676056338028 | F1 = 0.863568215892054 ==============
Scores appended.
=======================================
Running theta=0.8 delta=1
=======================================
Activated ER rule learning environment
Popper runtime: 49 sec
Rule file generated:
./results/rules/dblp-scholar-80-s4-t0.8-d1.lp
Activated ERA environment
/home/zhiliangxiang/Academic/project/lace-asp/ERA/src/experiment/trc-rule/dblp-scholar/80/s4
ERA finished.
era_val_log Evaluation line:
* INFO [eval] ============== Results [dblp-scholar-80-s4-t0.8-d1] | Precision = 0.8 | Recall = 0.7700534759358288 | F1 = 0.784741144414169 ==============
Evaluation line:
* INFO [eval] ============== Results [dblp-scholar-80-s4-t0.8-d1] | Precision = 0.8647058823529412 | Recall = 0.8212290502793296 | F1 = 0.8424068767908309 ==============
Scores appended.
=======================================
Running theta=0.8 delta=0.8
=======================================
Activated ER rule learning environment
Popper runtime: 48 sec
Rule file generated:
./results/rules/dblp-scholar-80-s4-t0.8-d0.8.lp
Activated ERA environment
/home/zhiliangxiang/Academic/project/lace-asp/ERA/src/experiment/trc-rule/dblp-scholar/80/s4
ERA finished.
era_val_log Evaluation line:
* INFO [eval] ============== Results [dblp-scholar-80-s4-t0.8-d0.8] | Precision = 0.8 | Recall = 0.7700534759358288 | F1 = 0.784741144414169 ==============
Evaluation line:
* INFO [eval] ============== Results [dblp-scholar-80-s4-t0.8-d0.8] | Precision = 0.8647058823529412 | Recall = 0.8212290502793296 | F1 = 0.8424068767908309 ==============
Scores appended.
=======================================
Running theta=0.8 delta=0.5
=======================================
Activated ER rule learning environment
Popper runtime: 48 sec
Rule file generated:
./results/rules/dblp-scholar-80-s4-t0.8-d0.5.lp
Activated ERA environment
/home/zhiliangxiang/Academic/project/lace-asp/ERA/src/experiment/trc-rule/dblp-scholar/80/s4
ERA finished.
era_val_log Evaluation line:
* INFO [eval] ============== Results [dblp-scholar-80-s4-t0.8-d0.5] | Precision = 0.8 | Recall = 0.7700534759358288 | F1 = 0.784741144414169 ==============
Evaluation line:
* INFO [eval] ============== Results [dblp-scholar-80-s4-t0.8-d0.5] | Precision = 0.8647058823529412 | Recall = 0.8212290502793296 | F1 = 0.8424068767908309 ==============
Scores appended.
=======================================
Running theta=0.8 delta=0.25
=======================================
Activated ER rule learning environment
Popper runtime: 47 sec
Rule file generated:
./results/rules/dblp-scholar-80-s4-t0.8-d0.25.lp
Activated ERA environment
/home/zhiliangxiang/Academic/project/lace-asp/ERA/src/experiment/trc-rule/dblp-scholar/80/s4
ERA finished.
era_val_log Evaluation line:
* INFO [eval] ============== Results [dblp-scholar-80-s4-t0.8-d0.25] | Precision = 0.8 | Recall = 0.7700534759358288 | F1 = 0.784741144414169 ==============
Evaluation line:
* INFO [eval] ============== Results [dblp-scholar-80-s4-t0.8-d0.25] | Precision = 0.8647058823529412 | Recall = 0.8212290502793296 | F1 = 0.8424068767908309 ==============
Scores appended.
=======================================
Running theta=0.8 delta=0.1
=======================================
Activated ER rule learning environment
Popper runtime: 48 sec
Rule file generated:
./results/rules/dblp-scholar-80-s4-t0.8-d0.1.lp
Activated ERA environment
/home/zhiliangxiang/Academic/project/lace-asp/ERA/src/experiment/trc-rule/dblp-scholar/80/s4
ERA finished.
era_val_log Evaluation line:
* INFO [eval] ============== Results [dblp-scholar-80-s4-t0.8-d0.1] | Precision = 0.8 | Recall = 0.7700534759358288 | F1 = 0.784741144414169 ==============
Evaluation line:
* INFO [eval] ============== Results [dblp-scholar-80-s4-t0.8-d0.1] | Precision = 0.8647058823529412 | Recall = 0.8212290502793296 | F1 = 0.8424068767908309 ==============
Scores appended.
=======================================
Running theta=0.8 delta=0.08
=======================================
Activated ER rule learning environment
Popper runtime: 46 sec
Rule file generated:
./results/rules/dblp-scholar-80-s4-t0.8-d0.08.lp
Activated ERA environment
/home/zhiliangxiang/Academic/project/lace-asp/ERA/src/experiment/trc-rule/dblp-scholar/80/s4
ERA finished.
era_val_log Evaluation line:
* INFO [eval] ============== Results [dblp-scholar-80-s4-t0.8-d0.08] | Precision = 0.8 | Recall = 0.7700534759358288 | F1 = 0.784741144414169 ==============
Evaluation line:
* INFO [eval] ============== Results [dblp-scholar-80-s4-t0.8-d0.08] | Precision = 0.8647058823529412 | Recall = 0.8212290502793296 | F1 = 0.8424068767908309 ==============
Scores appended.
=======================================
Running theta=0.8 delta=0.05
=======================================
Activated ER rule learning environment
Popper runtime: 49 sec
Rule file generated:
./results/rules/dblp-scholar-80-s4-t0.8-d0.05.lp
Activated ERA environment
/home/zhiliangxiang/Academic/project/lace-asp/ERA/src/experiment/trc-rule/dblp-scholar/80/s4
ERA finished.
era_val_log Evaluation line:
* INFO [eval] ============== Results [dblp-scholar-80-s4-t0.8-d0.05] | Precision = 0.8 | Recall = 0.7700534759358288 | F1 = 0.784741144414169 ==============
Evaluation line:
* INFO [eval] ============== Results [dblp-scholar-80-s4-t0.8-d0.05] | Precision = 0.8647058823529412 | Recall = 0.8212290502793296 | F1 = 0.8424068767908309 ==============
Scores appended.
=======================================
Running theta=0.8 delta=0.025
=======================================
Activated ER rule learning environment
Popper runtime: 48 sec
Rule file generated:
./results/rules/dblp-scholar-80-s4-t0.8-d0.025.lp
Activated ERA environment
/home/zhiliangxiang/Academic/project/lace-asp/ERA/src/experiment/trc-rule/dblp-scholar/80/s4
ERA finished.
era_val_log Evaluation line:
* INFO [eval] ============== Results [dblp-scholar-80-s4-t0.8-d0.025] | Precision = 0.8 | Recall = 0.7700534759358288 | F1 = 0.784741144414169 ==============
Evaluation line:
* INFO [eval] ============== Results [dblp-scholar-80-s4-t0.8-d0.025] | Precision = 0.8647058823529412 | Recall = 0.8212290502793296 | F1 = 0.8424068767908309 ==============
Scores appended.
=======================================
Running theta=1 delta=1
=======================================
Activated ER rule learning environment
Popper runtime: 49 sec
Rule file generated:
./results/rules/dblp-scholar-80-s4-t1-d1.lp
Activated ERA environment
/home/zhiliangxiang/Academic/project/lace-asp/ERA/src/experiment/trc-rule/dblp-scholar/80/s4
ERA finished.
era_val_log Evaluation line:
* INFO [eval] ============== Results [dblp-scholar-80-s4-t1-d1] | Precision = 0.6792452830188679 | Recall = 0.7700534759358288 | F1 = 0.7218045112781956 ==============
Evaluation line:
* INFO [eval] ============== Results [dblp-scholar-80-s4-t1-d1] | Precision = 0.7696335078534031 | Recall = 0.8212290502793296 | F1 = 0.7945945945945945 ==============
Scores appended.
=======================================
Running theta=1 delta=0.8
=======================================
Activated ER rule learning environment
Popper runtime: 51 sec
Rule file generated:
./results/rules/dblp-scholar-80-s4-t1-d0.8.lp
Activated ERA environment
/home/zhiliangxiang/Academic/project/lace-asp/ERA/src/experiment/trc-rule/dblp-scholar/80/s4
ERA finished.
era_val_log Evaluation line:
* INFO [eval] ============== Results [dblp-scholar-80-s4-t1-d0.8] | Precision = 0.6792452830188679 | Recall = 0.7700534759358288 | F1 = 0.7218045112781956 ==============
Evaluation line:
* INFO [eval] ============== Results [dblp-scholar-80-s4-t1-d0.8] | Precision = 0.7696335078534031 | Recall = 0.8212290502793296 | F1 = 0.7945945945945945 ==============
Scores appended.
=======================================
Running theta=1 delta=0.5
=======================================
Activated ER rule learning environment
Popper runtime: 49 sec
Rule file generated:
./results/rules/dblp-scholar-80-s4-t1-d0.5.lp
Activated ERA environment
/home/zhiliangxiang/Academic/project/lace-asp/ERA/src/experiment/trc-rule/dblp-scholar/80/s4
ERA finished.
era_val_log Evaluation line:
* INFO [eval] ============== Results [dblp-scholar-80-s4-t1-d0.5] | Precision = 0.6792452830188679 | Recall = 0.7700534759358288 | F1 = 0.7218045112781956 ==============
Evaluation line:
* INFO [eval] ============== Results [dblp-scholar-80-s4-t1-d0.5] | Precision = 0.7696335078534031 | Recall = 0.8212290502793296 | F1 = 0.7945945945945945 ==============
Scores appended.
=======================================
Running theta=1 delta=0.25
=======================================
Activated ER rule learning environment
Popper runtime: 50 sec
Rule file generated:
./results/rules/dblp-scholar-80-s4-t1-d0.25.lp
Activated ERA environment
/home/zhiliangxiang/Academic/project/lace-asp/ERA/src/experiment/trc-rule/dblp-scholar/80/s4
ERA finished.
era_val_log Evaluation line:
* INFO [eval] ============== Results [dblp-scholar-80-s4-t1-d0.25] | Precision = 0.6792452830188679 | Recall = 0.7700534759358288 | F1 = 0.7218045112781956 ==============
Evaluation line:
* INFO [eval] ============== Results [dblp-scholar-80-s4-t1-d0.25] | Precision = 0.7696335078534031 | Recall = 0.8212290502793296 | F1 = 0.7945945945945945 ==============
Scores appended.
=======================================
Running theta=1 delta=0.1
=======================================
Activated ER rule learning environment
Popper runtime: 48 sec
Rule file generated:
./results/rules/dblp-scholar-80-s4-t1-d0.1.lp
Activated ERA environment
/home/zhiliangxiang/Academic/project/lace-asp/ERA/src/experiment/trc-rule/dblp-scholar/80/s4
ERA finished.
era_val_log Evaluation line:
* INFO [eval] ============== Results [dblp-scholar-80-s4-t1-d0.1] | Precision = 0.8 | Recall = 0.7700534759358288 | F1 = 0.784741144414169 ==============
Evaluation line:
* INFO [eval] ============== Results [dblp-scholar-80-s4-t1-d0.1] | Precision = 0.8647058823529412 | Recall = 0.8212290502793296 | F1 = 0.8424068767908309 ==============
Scores appended.
=======================================
Running theta=1 delta=0.08
=======================================
Activated ER rule learning environment
Popper runtime: 47 sec
Rule file generated:
./results/rules/dblp-scholar-80-s4-t1-d0.08.lp
Activated ERA environment
/home/zhiliangxiang/Academic/project/lace-asp/ERA/src/experiment/trc-rule/dblp-scholar/80/s4
ERA finished.
era_val_log Evaluation line:
* INFO [eval] ============== Results [dblp-scholar-80-s4-t1-d0.08] | Precision = 0.8 | Recall = 0.7700534759358288 | F1 = 0.784741144414169 ==============
Evaluation line:
* INFO [eval] ============== Results [dblp-scholar-80-s4-t1-d0.08] | Precision = 0.8647058823529412 | Recall = 0.8212290502793296 | F1 = 0.8424068767908309 ==============
Scores appended.
=======================================
Running theta=1 delta=0.05
=======================================
Activated ER rule learning environment
Popper runtime: 47 sec
Rule file generated:
./results/rules/dblp-scholar-80-s4-t1-d0.05.lp
Activated ERA environment
/home/zhiliangxiang/Academic/project/lace-asp/ERA/src/experiment/trc-rule/dblp-scholar/80/s4
ERA finished.
era_val_log Evaluation line:
* INFO [eval] ============== Results [dblp-scholar-80-s4-t1-d0.05] | Precision = 0.8 | Recall = 0.7700534759358288 | F1 = 0.784741144414169 ==============
Evaluation line:
* INFO [eval] ============== Results [dblp-scholar-80-s4-t1-d0.05] | Precision = 0.8647058823529412 | Recall = 0.8212290502793296 | F1 = 0.8424068767908309 ==============
Scores appended.
=======================================
Running theta=1 delta=0.025
=======================================
Activated ER rule learning environment
Popper runtime: 45 sec
Rule file generated:
./results/rules/dblp-scholar-80-s4-t1-d0.025.lp
Activated ERA environment
/home/zhiliangxiang/Academic/project/lace-asp/ERA/src/experiment/trc-rule/dblp-scholar/80/s4
ERA finished.
era_val_log Evaluation line:
* INFO [eval] ============== Results [dblp-scholar-80-s4-t1-d0.025] | Precision = 0.8 | Recall = 0.7700534759358288 | F1 = 0.784741144414169 ==============
Evaluation line:
* INFO [eval] ============== Results [dblp-scholar-80-s4-t1-d0.025] | Precision = 0.8647058823529412 | Recall = 0.8212290502793296 | F1 = 0.8424068767908309 ==============
Scores appended.
=======================================
Running theta=1.5 delta=1
=======================================
Activated ER rule learning environment
Popper runtime: 46 sec
Rule file generated:
./results/rules/dblp-scholar-80-s4-t1.5-d1.lp
Activated ERA environment
/home/zhiliangxiang/Academic/project/lace-asp/ERA/src/experiment/trc-rule/dblp-scholar/80/s4
ERA finished.
era_val_log Evaluation line:
* INFO [eval] ============== Results [dblp-scholar-80-s4-t1.5-d1] | Precision = 0.6363636363636364 | Recall = 0.8020833333333334 | F1 = 0.7096774193548386 ==============
Evaluation line:
* INFO [eval] ============== Results [dblp-scholar-80-s4-t1.5-d1] | Precision = 0.587360594795539 | Recall = 0.8563685636856369 | F1 = 0.6968026460859977 ==============
Scores appended.
=======================================
Running theta=1.5 delta=0.8
=======================================
Activated ER rule learning environment
Popper runtime: 44 sec
Rule file generated:
./results/rules/dblp-scholar-80-s4-t1.5-d0.8.lp
Activated ERA environment
/home/zhiliangxiang/Academic/project/lace-asp/ERA/src/experiment/trc-rule/dblp-scholar/80/s4
ERA finished.
era_val_log Evaluation line:
* INFO [eval] ============== Results [dblp-scholar-80-s4-t1.5-d0.8] | Precision = 0.6363636363636364 | Recall = 0.8020833333333334 | F1 = 0.7096774193548386 ==============
Evaluation line:
* INFO [eval] ============== Results [dblp-scholar-80-s4-t1.5-d0.8] | Precision = 0.587360594795539 | Recall = 0.8563685636856369 | F1 = 0.6968026460859977 ==============
Scores appended.
=======================================
Running theta=1.5 delta=0.5
=======================================
Activated ER rule learning environment
Popper runtime: 45 sec
Rule file generated:
./results/rules/dblp-scholar-80-s4-t1.5-d0.5.lp
Activated ERA environment
/home/zhiliangxiang/Academic/project/lace-asp/ERA/src/experiment/trc-rule/dblp-scholar/80/s4
ERA finished.
era_val_log Evaluation line:
* INFO [eval] ============== Results [dblp-scholar-80-s4-t1.5-d0.5] | Precision = 0.6363636363636364 | Recall = 0.8020833333333334 | F1 = 0.7096774193548386 ==============
Evaluation line:
* INFO [eval] ============== Results [dblp-scholar-80-s4-t1.5-d0.5] | Precision = 0.587360594795539 | Recall = 0.8563685636856369 | F1 = 0.6968026460859977 ==============
Scores appended.
=======================================
Running theta=1.5 delta=0.25
=======================================
Activated ER rule learning environment
Popper runtime: 45 sec
Rule file generated:
./results/rules/dblp-scholar-80-s4-t1.5-d0.25.lp
Activated ERA environment
/home/zhiliangxiang/Academic/project/lace-asp/ERA/src/experiment/trc-rule/dblp-scholar/80/s4
ERA finished.
era_val_log Evaluation line:
* INFO [eval] ============== Results [dblp-scholar-80-s4-t1.5-d0.25] | Precision = 0.6363636363636364 | Recall = 0.8020833333333334 | F1 = 0.7096774193548386 ==============
Evaluation line:
* INFO [eval] ============== Results [dblp-scholar-80-s4-t1.5-d0.25] | Precision = 0.587360594795539 | Recall = 0.8563685636856369 | F1 = 0.6968026460859977 ==============
Scores appended.
=======================================
Running theta=1.5 delta=0.1
=======================================
Activated ER rule learning environment
Popper runtime: 47 sec
Rule file generated:
./results/rules/dblp-scholar-80-s4-t1.5-d0.1.lp
Activated ERA environment
/home/zhiliangxiang/Academic/project/lace-asp/ERA/src/experiment/trc-rule/dblp-scholar/80/s4
ERA finished.
era_val_log Evaluation line:
* INFO [eval] ============== Results [dblp-scholar-80-s4-t1.5-d0.1] | Precision = 0.6363636363636364 | Recall = 0.8020833333333334 | F1 = 0.7096774193548386 ==============
Evaluation line:
* INFO [eval] ============== Results [dblp-scholar-80-s4-t1.5-d0.1] | Precision = 0.587360594795539 | Recall = 0.8563685636856369 | F1 = 0.6968026460859977 ==============
Scores appended.
=======================================
Running theta=1.5 delta=0.08
=======================================
Activated ER rule learning environment
Popper runtime: 46 sec
Rule file generated:
./results/rules/dblp-scholar-80-s4-t1.5-d0.08.lp
Activated ERA environment
/home/zhiliangxiang/Academic/project/lace-asp/ERA/src/experiment/trc-rule/dblp-scholar/80/s4
ERA finished.
era_val_log Evaluation line:
* INFO [eval] ============== Results [dblp-scholar-80-s4-t1.5-d0.08] | Precision = 0.6363636363636364 | Recall = 0.8020833333333334 | F1 = 0.7096774193548386 ==============
Evaluation line:
* INFO [eval] ============== Results [dblp-scholar-80-s4-t1.5-d0.08] | Precision = 0.587360594795539 | Recall = 0.8563685636856369 | F1 = 0.6968026460859977 ==============
Scores appended.
=======================================
Running theta=1.5 delta=0.05
=======================================
Activated ER rule learning environment
Popper runtime: 51 sec
Rule file generated:
./results/rules/dblp-scholar-80-s4-t1.5-d0.05.lp
Activated ERA environment
/home/zhiliangxiang/Academic/project/lace-asp/ERA/src/experiment/trc-rule/dblp-scholar/80/s4
ERA finished.
era_val_log Evaluation line:
* INFO [eval] ============== Results [dblp-scholar-80-s4-t1.5-d0.05] | Precision = 0.7524752475247525 | Recall = 0.7958115183246073 | F1 = 0.7735368956743002 ==============
Evaluation line:
* INFO [eval] ============== Results [dblp-scholar-80-s4-t1.5-d0.05] | Precision = 0.6460905349794238 | Recall = 0.8532608695652174 | F1 = 0.7353629976580796 ==============
Scores appended.
=======================================
Running theta=1.5 delta=0.025
=======================================
Activated ER rule learning environment
Popper runtime: 46 sec
Rule file generated:
./results/rules/dblp-scholar-80-s4-t1.5-d0.025.lp
Activated ERA environment
/home/zhiliangxiang/Academic/project/lace-asp/ERA/src/experiment/trc-rule/dblp-scholar/80/s4
ERA finished.
era_val_log Evaluation line:
* INFO [eval] ============== Results [dblp-scholar-80-s4-t1.5-d0.025] | Precision = 0.8 | Recall = 0.7700534759358288 | F1 = 0.784741144414169 ==============
Evaluation line:
* INFO [eval] ============== Results [dblp-scholar-80-s4-t1.5-d0.025] | Precision = 0.8647058823529412 | Recall = 0.8212290502793296 | F1 = 0.8424068767908309 ==============
Scores appended.
=======================================
Running theta=2 delta=1
=======================================
Activated ER rule learning environment
Popper runtime: 43 sec
Rule file generated:
./results/rules/dblp-scholar-80-s4-t2-d1.lp
Activated ERA environment
/home/zhiliangxiang/Academic/project/lace-asp/ERA/src/experiment/trc-rule/dblp-scholar/80/s4
ERA finished.
era_val_log Evaluation line:
* INFO [eval] ============== Results [dblp-scholar-80-s4-t2-d1] | Precision = 0.6363636363636364 | Recall = 0.8020833333333334 | F1 = 0.7096774193548386 ==============
Evaluation line:
* INFO [eval] ============== Results [dblp-scholar-80-s4-t2-d1] | Precision = 0.587360594795539 | Recall = 0.8563685636856369 | F1 = 0.6968026460859977 ==============
Scores appended.
=======================================
Running theta=2 delta=0.8
=======================================
Activated ER rule learning environment
Popper runtime: 45 sec
Rule file generated:
./results/rules/dblp-scholar-80-s4-t2-d0.8.lp
Activated ERA environment
/home/zhiliangxiang/Academic/project/lace-asp/ERA/src/experiment/trc-rule/dblp-scholar/80/s4
ERA finished.
era_val_log Evaluation line:
* INFO [eval] ============== Results [dblp-scholar-80-s4-t2-d0.8] | Precision = 0.6363636363636364 | Recall = 0.8020833333333334 | F1 = 0.7096774193548386 ==============
Evaluation line:
* INFO [eval] ============== Results [dblp-scholar-80-s4-t2-d0.8] | Precision = 0.587360594795539 | Recall = 0.8563685636856369 | F1 = 0.6968026460859977 ==============
Scores appended.
=======================================
Running theta=2 delta=0.5
=======================================
Activated ER rule learning environment
Popper runtime: 45 sec
Rule file generated:
./results/rules/dblp-scholar-80-s4-t2-d0.5.lp
Activated ERA environment
/home/zhiliangxiang/Academic/project/lace-asp/ERA/src/experiment/trc-rule/dblp-scholar/80/s4
ERA finished.
era_val_log Evaluation line:
* INFO [eval] ============== Results [dblp-scholar-80-s4-t2-d0.5] | Precision = 0.6363636363636364 | Recall = 0.8020833333333334 | F1 = 0.7096774193548386 ==============
Evaluation line:
* INFO [eval] ============== Results [dblp-scholar-80-s4-t2-d0.5] | Precision = 0.587360594795539 | Recall = 0.8563685636856369 | F1 = 0.6968026460859977 ==============
Scores appended.
=======================================
Running theta=2 delta=0.25
=======================================
Activated ER rule learning environment
Popper runtime: 45 sec
Rule file generated:
./results/rules/dblp-scholar-80-s4-t2-d0.25.lp
Activated ERA environment
/home/zhiliangxiang/Academic/project/lace-asp/ERA/src/experiment/trc-rule/dblp-scholar/80/s4
ERA finished.
era_val_log Evaluation line:
* INFO [eval] ============== Results [dblp-scholar-80-s4-t2-d0.25] | Precision = 0.6363636363636364 | Recall = 0.8020833333333334 | F1 = 0.7096774193548386 ==============
Evaluation line:
* INFO [eval] ============== Results [dblp-scholar-80-s4-t2-d0.25] | Precision = 0.587360594795539 | Recall = 0.8563685636856369 | F1 = 0.6968026460859977 ==============
Scores appended.
=======================================
Running theta=2 delta=0.1
=======================================
Activated ER rule learning environment
Popper runtime: 44 sec
Rule file generated:
./results/rules/dblp-scholar-80-s4-t2-d0.1.lp
Activated ERA environment
/home/zhiliangxiang/Academic/project/lace-asp/ERA/src/experiment/trc-rule/dblp-scholar/80/s4
ERA finished.
era_val_log Evaluation line:
* INFO [eval] ============== Results [dblp-scholar-80-s4-t2-d0.1] | Precision = 0.6363636363636364 | Recall = 0.8020833333333334 | F1 = 0.7096774193548386 ==============
Evaluation line:
* INFO [eval] ============== Results [dblp-scholar-80-s4-t2-d0.1] | Precision = 0.587360594795539 | Recall = 0.8563685636856369 | F1 = 0.6968026460859977 ==============
Scores appended.
=======================================
Running theta=2 delta=0.08
=======================================
Activated ER rule learning environment
Popper runtime: 46 sec
Rule file generated:
./results/rules/dblp-scholar-80-s4-t2-d0.08.lp
Activated ERA environment
/home/zhiliangxiang/Academic/project/lace-asp/ERA/src/experiment/trc-rule/dblp-scholar/80/s4
ERA finished.
era_val_log Evaluation line:
* INFO [eval] ============== Results [dblp-scholar-80-s4-t2-d0.08] | Precision = 0.6363636363636364 | Recall = 0.8020833333333334 | F1 = 0.7096774193548386 ==============
Evaluation line:
* INFO [eval] ============== Results [dblp-scholar-80-s4-t2-d0.08] | Precision = 0.587360594795539 | Recall = 0.8563685636856369 | F1 = 0.6968026460859977 ==============
Scores appended.
=======================================
Running theta=2 delta=0.05
=======================================
Activated ER rule learning environment
Popper runtime: 44 sec
Rule file generated:
./results/rules/dblp-scholar-80-s4-t2-d0.05.lp
Activated ERA environment
/home/zhiliangxiang/Academic/project/lace-asp/ERA/src/experiment/trc-rule/dblp-scholar/80/s4
ERA finished.
era_val_log Evaluation line:
* INFO [eval] ============== Results [dblp-scholar-80-s4-t2-d0.05] | Precision = 0.7524752475247525 | Recall = 0.7958115183246073 | F1 = 0.7735368956743002 ==============
Evaluation line:
* INFO [eval] ============== Results [dblp-scholar-80-s4-t2-d0.05] | Precision = 0.6460905349794238 | Recall = 0.8532608695652174 | F1 = 0.7353629976580796 ==============
Scores appended.
=======================================
Running theta=2 delta=0.025
=======================================
Activated ER rule learning environment
Popper runtime: 50 sec
Rule file generated:
./results/rules/dblp-scholar-80-s4-t2-d0.025.lp
Activated ERA environment
/home/zhiliangxiang/Academic/project/lace-asp/ERA/src/experiment/trc-rule/dblp-scholar/80/s4
ERA finished.
era_val_log Evaluation line:
* INFO [eval] ============== Results [dblp-scholar-80-s4-t2-d0.025] | Precision = 0.8 | Recall = 0.7700534759358288 | F1 = 0.784741144414169 ==============
Evaluation line:
* INFO [eval] ============== Results [dblp-scholar-80-s4-t2-d0.025] | Precision = 0.8647058823529412 | Recall = 0.8212290502793296 | F1 = 0.8424068767908309 ==============
Scores appended.
=======================================
Running theta=3 delta=1
=======================================
Activated ER rule learning environment
Popper runtime: 35 sec
Rule file generated:
./results/rules/dblp-scholar-80-s4-t3-d1.lp
Activated ERA environment
/home/zhiliangxiang/Academic/project/lace-asp/ERA/src/experiment/trc-rule/dblp-scholar/80/s4
ERA finished.
era_val_log Evaluation line:
* INFO [eval] ============== Results [dblp-scholar-80-s4-t3-d1] | Precision = 0.6148648648648649 | Recall = 0.883495145631068 | F1 = 0.7250996015936255 ==============
Evaluation line:
* INFO [eval] ============== Results [dblp-scholar-80-s4-t3-d1] | Precision = 0.5152439024390244 | Recall = 0.8894736842105263 | F1 = 0.6525096525096525 ==============
Scores appended.
=======================================
Running theta=3 delta=0.8
=======================================
Activated ER rule learning environment
Popper runtime: 35 sec
Rule file generated:
./results/rules/dblp-scholar-80-s4-t3-d0.8.lp
Activated ERA environment
/home/zhiliangxiang/Academic/project/lace-asp/ERA/src/experiment/trc-rule/dblp-scholar/80/s4
ERA finished.
era_val_log Evaluation line:
* INFO [eval] ============== Results [dblp-scholar-80-s4-t3-d0.8] | Precision = 0.6148648648648649 | Recall = 0.883495145631068 | F1 = 0.7250996015936255 ==============
Evaluation line:
* INFO [eval] ============== Results [dblp-scholar-80-s4-t3-d0.8] | Precision = 0.5152439024390244 | Recall = 0.8894736842105263 | F1 = 0.6525096525096525 ==============
Scores appended.
=======================================
Running theta=3 delta=0.5
=======================================
Activated ER rule learning environment
Popper runtime: 35 sec
Rule file generated:
./results/rules/dblp-scholar-80-s4-t3-d0.5.lp
Activated ERA environment
/home/zhiliangxiang/Academic/project/lace-asp/ERA/src/experiment/trc-rule/dblp-scholar/80/s4
ERA finished.
era_val_log Evaluation line:
* INFO [eval] ============== Results [dblp-scholar-80-s4-t3-d0.5] | Precision = 0.6148648648648649 | Recall = 0.883495145631068 | F1 = 0.7250996015936255 ==============
Evaluation line:
* INFO [eval] ============== Results [dblp-scholar-80-s4-t3-d0.5] | Precision = 0.5152439024390244 | Recall = 0.8894736842105263 | F1 = 0.6525096525096525 ==============
Scores appended.
=======================================
Running theta=3 delta=0.25
=======================================
Activated ER rule learning environment
Popper runtime: 33 sec
Rule file generated:
./results/rules/dblp-scholar-80-s4-t3-d0.25.lp
Activated ERA environment
/home/zhiliangxiang/Academic/project/lace-asp/ERA/src/experiment/trc-rule/dblp-scholar/80/s4
ERA finished.
era_val_log Evaluation line:
* INFO [eval] ============== Results [dblp-scholar-80-s4-t3-d0.25] | Precision = 0.6148648648648649 | Recall = 0.883495145631068 | F1 = 0.7250996015936255 ==============
Evaluation line:
* INFO [eval] ============== Results [dblp-scholar-80-s4-t3-d0.25] | Precision = 0.5152439024390244 | Recall = 0.8894736842105263 | F1 = 0.6525096525096525 ==============
Scores appended.
=======================================
Running theta=3 delta=0.1
=======================================
Activated ER rule learning environment
Popper runtime: 35 sec
Rule file generated:
./results/rules/dblp-scholar-80-s4-t3-d0.1.lp
Activated ERA environment
/home/zhiliangxiang/Academic/project/lace-asp/ERA/src/experiment/trc-rule/dblp-scholar/80/s4
ERA finished.
era_val_log Evaluation line:
* INFO [eval] ============== Results [dblp-scholar-80-s4-t3-d0.1] | Precision = 0.6148648648648649 | Recall = 0.883495145631068 | F1 = 0.7250996015936255 ==============
Evaluation line:
* INFO [eval] ============== Results [dblp-scholar-80-s4-t3-d0.1] | Precision = 0.5152439024390244 | Recall = 0.8894736842105263 | F1 = 0.6525096525096525 ==============
Scores appended.
=======================================
Running theta=3 delta=0.08
=======================================
Activated ER rule learning environment
Popper runtime: 36 sec
Rule file generated:
./results/rules/dblp-scholar-80-s4-t3-d0.08.lp
Activated ERA environment
/home/zhiliangxiang/Academic/project/lace-asp/ERA/src/experiment/trc-rule/dblp-scholar/80/s4
ERA finished.
era_val_log Evaluation line:
* INFO [eval] ============== Results [dblp-scholar-80-s4-t3-d0.08] | Precision = 0.6148648648648649 | Recall = 0.883495145631068 | F1 = 0.7250996015936255 ==============
Evaluation line:
* INFO [eval] ============== Results [dblp-scholar-80-s4-t3-d0.08] | Precision = 0.5152439024390244 | Recall = 0.8894736842105263 | F1 = 0.6525096525096525 ==============
Scores appended.
=======================================
Running theta=3 delta=0.05
=======================================
Activated ER rule learning environment
Popper runtime: 36 sec
Rule file generated:
./results/rules/dblp-scholar-80-s4-t3-d0.05.lp
Activated ERA environment
/home/zhiliangxiang/Academic/project/lace-asp/ERA/src/experiment/trc-rule/dblp-scholar/80/s4
ERA finished.
era_val_log Evaluation line:
* INFO [eval] ============== Results [dblp-scholar-80-s4-t3-d0.05] | Precision = 0.703125 | Recall = 0.8780487804878049 | F1 = 0.7809110629067246 ==============
Evaluation line:
* INFO [eval] ============== Results [dblp-scholar-80-s4-t3-d0.05] | Precision = 0.5581395348837209 | Recall = 0.8865435356200527 | F1 = 0.6850152905198776 ==============
Scores appended.
=======================================
Running theta=3 delta=0.025
=======================================
Activated ER rule learning environment
Popper runtime: 49 sec
Rule file generated:
./results/rules/dblp-scholar-80-s4-t3-d0.025.lp
Activated ERA environment
/home/zhiliangxiang/Academic/project/lace-asp/ERA/src/experiment/trc-rule/dblp-scholar/80/s4
ERA finished.
era_val_log Evaluation line:
* INFO [eval] ============== Results [dblp-scholar-80-s4-t3-d0.025] | Precision = 0.8 | Recall = 0.7700534759358288 | F1 = 0.784741144414169 ==============
Evaluation line:
* INFO [eval] ============== Results [dblp-scholar-80-s4-t3-d0.025] | Precision = 0.8647058823529412 | Recall = 0.8212290502793296 | F1 = 0.8424068767908309 ==============
Scores appended.
=======================================
Running theta=4 delta=1
=======================================
Activated ER rule learning environment
Popper runtime: 35 sec
Rule file generated:
./results/rules/dblp-scholar-80-s4-t4-d1.lp
Activated ERA environment
/home/zhiliangxiang/Academic/project/lace-asp/ERA/src/experiment/trc-rule/dblp-scholar/80/s4
ERA finished.
era_val_log Evaluation line:
* INFO [eval] ============== Results [dblp-scholar-80-s4-t4-d1] | Precision = 0.6148648648648649 | Recall = 0.883495145631068 | F1 = 0.7250996015936255 ==============
Evaluation line:
* INFO [eval] ============== Results [dblp-scholar-80-s4-t4-d1] | Precision = 0.5152439024390244 | Recall = 0.8894736842105263 | F1 = 0.6525096525096525 ==============
Scores appended.
=======================================
Running theta=4 delta=0.8
=======================================
Activated ER rule learning environment
Popper runtime: 35 sec
Rule file generated:
./results/rules/dblp-scholar-80-s4-t4-d0.8.lp
Activated ERA environment
/home/zhiliangxiang/Academic/project/lace-asp/ERA/src/experiment/trc-rule/dblp-scholar/80/s4
ERA finished.
era_val_log Evaluation line:
* INFO [eval] ============== Results [dblp-scholar-80-s4-t4-d0.8] | Precision = 0.6148648648648649 | Recall = 0.883495145631068 | F1 = 0.7250996015936255 ==============
Evaluation line:
* INFO [eval] ============== Results [dblp-scholar-80-s4-t4-d0.8] | Precision = 0.5152439024390244 | Recall = 0.8894736842105263 | F1 = 0.6525096525096525 ==============
Scores appended.
=======================================
Running theta=4 delta=0.5
=======================================
Activated ER rule learning environment
Popper runtime: 35 sec
Rule file generated:
./results/rules/dblp-scholar-80-s4-t4-d0.5.lp
Activated ERA environment
/home/zhiliangxiang/Academic/project/lace-asp/ERA/src/experiment/trc-rule/dblp-scholar/80/s4
ERA finished.
era_val_log Evaluation line:
* INFO [eval] ============== Results [dblp-scholar-80-s4-t4-d0.5] | Precision = 0.6148648648648649 | Recall = 0.883495145631068 | F1 = 0.7250996015936255 ==============
Evaluation line:
* INFO [eval] ============== Results [dblp-scholar-80-s4-t4-d0.5] | Precision = 0.5152439024390244 | Recall = 0.8894736842105263 | F1 = 0.6525096525096525 ==============
Scores appended.
=======================================
Running theta=4 delta=0.25
=======================================
Activated ER rule learning environment
Popper runtime: 35 sec
Rule file generated:
./results/rules/dblp-scholar-80-s4-t4-d0.25.lp
Activated ERA environment
/home/zhiliangxiang/Academic/project/lace-asp/ERA/src/experiment/trc-rule/dblp-scholar/80/s4
ERA finished.
era_val_log Evaluation line:
* INFO [eval] ============== Results [dblp-scholar-80-s4-t4-d0.25] | Precision = 0.6148648648648649 | Recall = 0.883495145631068 | F1 = 0.7250996015936255 ==============
Evaluation line:
* INFO [eval] ============== Results [dblp-scholar-80-s4-t4-d0.25] | Precision = 0.5152439024390244 | Recall = 0.8894736842105263 | F1 = 0.6525096525096525 ==============
Scores appended.
=======================================
Running theta=4 delta=0.1
=======================================
Activated ER rule learning environment
Popper runtime: 35 sec
Rule file generated:
./results/rules/dblp-scholar-80-s4-t4-d0.1.lp
Activated ERA environment
/home/zhiliangxiang/Academic/project/lace-asp/ERA/src/experiment/trc-rule/dblp-scholar/80/s4
ERA finished.
era_val_log Evaluation line:
* INFO [eval] ============== Results [dblp-scholar-80-s4-t4-d0.1] | Precision = 0.6148648648648649 | Recall = 0.883495145631068 | F1 = 0.7250996015936255 ==============
Evaluation line:
* INFO [eval] ============== Results [dblp-scholar-80-s4-t4-d0.1] | Precision = 0.5152439024390244 | Recall = 0.8894736842105263 | F1 = 0.6525096525096525 ==============
Scores appended.
=======================================
Running theta=4 delta=0.08
=======================================
Activated ER rule learning environment
Popper runtime: 35 sec
Rule file generated:
./results/rules/dblp-scholar-80-s4-t4-d0.08.lp
Activated ERA environment
/home/zhiliangxiang/Academic/project/lace-asp/ERA/src/experiment/trc-rule/dblp-scholar/80/s4
ERA finished.
era_val_log Evaluation line:
* INFO [eval] ============== Results [dblp-scholar-80-s4-t4-d0.08] | Precision = 0.6148648648648649 | Recall = 0.883495145631068 | F1 = 0.7250996015936255 ==============
Evaluation line:
* INFO [eval] ============== Results [dblp-scholar-80-s4-t4-d0.08] | Precision = 0.5152439024390244 | Recall = 0.8894736842105263 | F1 = 0.6525096525096525 ==============
Scores appended.
=======================================
Running theta=4 delta=0.05
=======================================
Activated ER rule learning environment
Popper runtime: 37 sec
Rule file generated:
./results/rules/dblp-scholar-80-s4-t4-d0.05.lp
Activated ERA environment
/home/zhiliangxiang/Academic/project/lace-asp/ERA/src/experiment/trc-rule/dblp-scholar/80/s4
ERA finished.
era_val_log Evaluation line:
* INFO [eval] ============== Results [dblp-scholar-80-s4-t4-d0.05] | Precision = 0.703125 | Recall = 0.8780487804878049 | F1 = 0.7809110629067246 ==============
Evaluation line:
* INFO [eval] ============== Results [dblp-scholar-80-s4-t4-d0.05] | Precision = 0.5581395348837209 | Recall = 0.8865435356200527 | F1 = 0.6850152905198776 ==============
Scores appended.
=======================================
Running theta=4 delta=0.025
=======================================
Activated ER rule learning environment
Popper runtime: 48 sec
Rule file generated:
./results/rules/dblp-scholar-80-s4-t4-d0.025.lp
Activated ERA environment
/home/zhiliangxiang/Academic/project/lace-asp/ERA/src/experiment/trc-rule/dblp-scholar/80/s4
ERA finished.
era_val_log Evaluation line:
* INFO [eval] ============== Results [dblp-scholar-80-s4-t4-d0.025] | Precision = 0.8 | Recall = 0.7700534759358288 | F1 = 0.784741144414169 ==============
Evaluation line:
* INFO [eval] ============== Results [dblp-scholar-80-s4-t4-d0.025] | Precision = 0.8647058823529412 | Recall = 0.8212290502793296 | F1 = 0.8424068767908309 ==============
Scores appended.
Scores appended.
./job.sh: line 192: syntax error near unexpected token `done'
./job.sh: line 192: `    done'
